2025-04-01 14:06:10.3861 [DEBUG] Application Starting 
2025-04-01 14:06:10.4781 [INFO] Starting processing for processor type: manhattanpunch with fileNameStartsWith: TimeClockChangeEntity 
2025-04-01 14:06:12.3269 [INFO] Vault URL.............................. https://edp-dev-keyvault.vault.azure.net 
2025-04-01 14:06:12.3269 [INFO] tenantId................................. 7b5043c5-ff30-434b-b66e-f8cf457db68a 
2025-04-01 14:06:12.3269 [INFO] clientId.................................. ce531e70-9d35-4470-a50d-77bb184177cf 
2025-04-01 14:06:12.3269 [INFO] clientSecret................................. Testing 
2025-04-01 14:06:12.3727 [INFO] SFTP Connection Details...........sftp2.uat.legion.work...22...fivebelow-uat...mMFK4vCzorxycQpzppJiqn 
2025-04-01 14:06:20.6946 [INFO] Attempting to download file from: /home/fivebelow-uat/outbox/extracts/TimeClockChangeEntity-20250401073856.csv.gz 
2025-04-01 14:06:23.0686 [INFO] Latest file downloaded: C:\Users\varadharaj\AppData\Local\Temp\TimeClockChangeEntity-20250401073856.csv.gz 
2025-04-01 14:06:25.2668 [INFO] File has been decompressed to: C:\Users\varadharaj\AppData\Local\Temp\TimeClockChangeEntity-20250401073856.csv 
2025-04-01 14:06:25.2668 [INFO] Deleted the .gz file: C:\Users\varadharaj\AppData\Local\Temp\TimeClockChangeEntity-20250401073856.csv.gz 
2025-04-01 14:06:29.8566 [INFO] No decryption needed for C:\Users\varadharaj\AppData\Local\Temp\TimeClockChangeEntity-20250401073856.csv 
2025-04-01 14:06:36.4124 [INFO] Server=BIDEVCLUSTERAG.fb.lan;Database=QS_DEV_DW;User Id=fblan\s_databricks_dev_bi;Password=Test 
2025-04-01 14:06:40.1954 [INFO] Connection string for SQL Database................System.Runtime.CompilerServices.AsyncTaskMethodBuilder`1+AsyncStateMachineBox`1[System.String,System.Runtime.CompilerServices.IAsyncStateMachine] 
2025-04-01 14:07:34.5615 [DEBUG] Application Starting 
2025-04-01 14:07:34.6415 [INFO] Starting processing for processor type: manhattanpunch with fileNameStartsWith: TimeClockChangeEntity 
2025-04-01 14:07:36.2760 [INFO] Vault URL.............................. https://edp-dev-keyvault.vault.azure.net 
2025-04-01 14:07:36.2760 [INFO] tenantId................................. 7b5043c5-ff30-434b-b66e-f8cf457db68a 
2025-04-01 14:07:36.2760 [INFO] clientId.................................. ce531e70-9d35-4470-a50d-77bb184177cf 
2025-04-01 14:07:36.2760 [INFO] clientSecret................................. Testing 
2025-04-01 14:07:36.3109 [INFO] SFTP Connection Details...........sftp2.uat.legion.work...22...fivebelow-uat...mMFK4vCzorxycQpzppJiqn 
2025-04-01 14:07:45.4501 [INFO] Attempting to download file from: /home/fivebelow-uat/outbox/extracts/TimeClockChangeEntity-20250401073856.csv.gz 
2025-04-01 14:07:48.1263 [INFO] Latest file downloaded: C:\Users\varadharaj\AppData\Local\Temp\TimeClockChangeEntity-20250401073856.csv.gz 
2025-04-01 14:08:09.0448 [INFO] File has been decompressed to: C:\Users\varadharaj\AppData\Local\Temp\TimeClockChangeEntity-20250401073856.csv 
2025-04-01 14:08:09.0448 [INFO] Deleted the .gz file: C:\Users\varadharaj\AppData\Local\Temp\TimeClockChangeEntity-20250401073856.csv.gz 
2025-04-01 14:08:11.2474 [INFO] No decryption needed for C:\Users\varadharaj\AppData\Local\Temp\TimeClockChangeEntity-20250401073856.csv 
2025-04-01 14:08:29.4092 [INFO] Server=BIDEVCLUSTERAG.fb.lan;Database=QS_DEV_DW;User Id=fblan\s_databricks_dev_bi;Password=Test 
2025-04-01 14:08:41.3093 [INFO] Connection string for SQL Database................System.Runtime.CompilerServices.AsyncTaskMethodBuilder`1+AsyncStateMachineBox`1[System.String,System.Runtime.CompilerServices.IAsyncStateMachine] 
2025-04-01 14:11:11.3256 [DEBUG] Application Starting 
2025-04-01 14:11:11.3950 [INFO] Starting processing for processor type: manhattanpunch with fileNameStartsWith: TimeClockChangeEntity 
2025-04-01 14:11:28.1893 [INFO] Vault URL.............................. https://edp-dev-keyvault.vault.azure.net 
2025-04-01 14:11:28.1893 [INFO] tenantId................................. 7b5043c5-ff30-434b-b66e-f8cf457db68a 
2025-04-01 14:11:28.1899 [INFO] clientId.................................. ce531e70-9d35-4470-a50d-77bb184177cf 
2025-04-01 14:11:28.1899 [INFO] clientSecret................................. Testing 
2025-04-01 14:11:28.2279 [INFO] SFTP Connection Details...........sftp2.uat.legion.work...22...fivebelow-uat...mMFK4vCzorxycQpzppJiqn 
2025-04-01 14:11:36.9327 [INFO] Attempting to download file from: /home/fivebelow-uat/outbox/extracts/TimeClockChangeEntity-20250401083900.csv.gz 
2025-04-01 14:11:39.2741 [INFO] Latest file downloaded: C:\Users\varadharaj\AppData\Local\Temp\TimeClockChangeEntity-20250401083900.csv.gz 
2025-04-01 14:11:44.9728 [INFO] File has been decompressed to: C:\Users\varadharaj\AppData\Local\Temp\TimeClockChangeEntity-20250401083900.csv 
2025-04-01 14:11:44.9728 [INFO] Deleted the .gz file: C:\Users\varadharaj\AppData\Local\Temp\TimeClockChangeEntity-20250401083900.csv.gz 
2025-04-01 14:15:31.9646 [INFO] No decryption needed for C:\Users\varadharaj\AppData\Local\Temp\TimeClockChangeEntity-20250401083900.csv 
2025-04-01 14:15:39.2640 [INFO] Server=BIDEVCLUSTERAG.fb.lan;Database=QS_DEV_DW;User Id=fblan\s_databricks_dev_bi;Password=Test 
2025-04-01 14:15:47.4014 [INFO] Connection string for SQL Database................System.Runtime.CompilerServices.AsyncTaskMethodBuilder`1+AsyncStateMachineBox`1[System.String,System.Runtime.CompilerServices.IAsyncStateMachine] 
2025-04-01 14:16:27.8048 [DEBUG] Application Starting 
2025-04-01 14:16:27.9414 [INFO] Starting processing for processor type: manhattanpunch with fileNameStartsWith: TimeClockChangeEntity 
2025-04-01 14:16:30.2768 [INFO] Vault URL.............................. https://edp-dev-keyvault.vault.azure.net 
2025-04-01 14:16:30.2768 [INFO] tenantId................................. 7b5043c5-ff30-434b-b66e-f8cf457db68a 
2025-04-01 14:16:30.2768 [INFO] clientId.................................. ce531e70-9d35-4470-a50d-77bb184177cf 
2025-04-01 14:16:30.2768 [INFO] clientSecret................................. Testing 
2025-04-01 14:16:30.3207 [INFO] SFTP Connection Details...........sftp2.uat.legion.work...22...fivebelow-uat...mMFK4vCzorxycQpzppJiqn 
2025-04-01 14:16:39.1348 [INFO] Attempting to download file from: /home/fivebelow-uat/outbox/extracts/TimeClockChangeEntity-20250401083900.csv.gz 
2025-04-01 14:16:41.4757 [INFO] Latest file downloaded: C:\Users\varadharaj\AppData\Local\Temp\TimeClockChangeEntity-20250401083900.csv.gz 
2025-04-01 14:16:42.7849 [INFO] File has been decompressed to: C:\Users\varadharaj\AppData\Local\Temp\TimeClockChangeEntity-20250401083900.csv 
2025-04-01 14:16:42.7849 [INFO] Deleted the .gz file: C:\Users\varadharaj\AppData\Local\Temp\TimeClockChangeEntity-20250401083900.csv.gz 
2025-04-01 14:16:44.0905 [INFO] No decryption needed for C:\Users\varadharaj\AppData\Local\Temp\TimeClockChangeEntity-20250401083900.csv 
2025-04-01 14:16:55.6222 [INFO] Server=BIDEVCLUSTERAG.fb.lan;Database=QS_DEV_DW;User Id=fblan\s_databricks_dev_bi;Password=Test 
2025-04-01 14:16:57.8877 [INFO] Connection string for SQL Database................System.Runtime.CompilerServices.AsyncTaskMethodBuilder`1+AsyncStateMachineBox`1[System.String,System.Runtime.CompilerServices.IAsyncStateMachine] 
2025-04-01 14:27:31.2496 [DEBUG] Application Starting 
2025-04-01 14:27:31.3205 [INFO] Starting processing for processor type: manhattanpunch with fileNameStartsWith: TimeClockChangeEntity 
2025-04-01 14:27:33.1388 [INFO] Vault URL.............................. https://edp-dev-keyvault.vault.azure.net 
2025-04-01 14:27:33.1388 [INFO] tenantId................................. 7b5043c5-ff30-434b-b66e-f8cf457db68a 
2025-04-01 14:27:33.1388 [INFO] clientId.................................. ce531e70-9d35-4470-a50d-77bb184177cf 
2025-04-01 14:27:33.1388 [INFO] clientSecret................................. Testing 
2025-04-01 14:27:33.1905 [INFO] SFTP Connection Details...........sftp2.uat.legion.work...22...fivebelow-uat...mMFK4vCzorxycQpzppJiqn 
2025-04-01 14:27:41.8584 [INFO] Attempting to download file from: /home/fivebelow-uat/outbox/extracts/TimeClockChangeEntity-20250401083900.csv.gz 
2025-04-01 14:27:44.1842 [INFO] Latest file downloaded: C:\Users\varadharaj\AppData\Local\Temp\TimeClockChangeEntity-20250401083900.csv.gz 
2025-04-01 14:27:47.2585 [INFO] File has been decompressed to: C:\Users\varadharaj\AppData\Local\Temp\TimeClockChangeEntity-20250401083900.csv 
2025-04-01 14:27:47.2585 [INFO] Deleted the .gz file: C:\Users\varadharaj\AppData\Local\Temp\TimeClockChangeEntity-20250401083900.csv.gz 
2025-04-01 14:27:49.2214 [INFO] No decryption needed for C:\Users\varadharaj\AppData\Local\Temp\TimeClockChangeEntity-20250401083900.csv 
2025-04-01 14:28:09.9687 [INFO] Server=BIDEVCLUSTERAG.fb.lan;Database=QS_DEV_DW;User Id=fblan\s_databricks_dev_bi;Password=Test 
2025-04-01 14:28:33.1703 [INFO] Connection string for SQL Database................Server=BIDEVCLUSTERAG.fb.lan;Database=QS_DEV_DW;User Id=fblan\s_databricks_dev_bi;Password=Test; 
2025-04-01 14:29:38.9463 [ERROR] Failed to process D:\Emergere\ConnorsLLC\ConnorsLLC_Project\FileTransform\bin\Debug\net6.0\ManhattanPunchExport/ReprocessFiles\TimeClockChangeEntity-20250401083900_20250401_142938.csv:  System.Data.SqlClient.SqlException (0x80131904): A network-related or instance-specific error occurred while establishing a connection to SQL Server. The server was not found or was not accessible. Verify that the instance name is correct and that SQL Server is configured to allow remote connections. (provider: Named Pipes Provider, error: 40 - Could not open a connection to SQL Server)
 ---> System.ComponentModel.Win32Exception (53): The network path was not found.
   at System.Data.SqlClient.SqlInternalConnectionTds..ctor(DbConnectionPoolIdentity identity, SqlConnectionString connectionOptions, SqlCredential credential, Object providerInfo, String newPassword, SecureString newSecurePassword, Boolean redirectedUserInstance, SqlConnectionString userConnectionOptions, SessionData reconnectSessionData, Boolean applyTransientFaultHandling, String accessToken)
   at System.Data.SqlClient.SqlConnectionFactory.CreateConnection(DbConnectionOptions options, DbConnectionPoolKey poolKey, Object poolGroupProviderInfo, DbConnectionPool pool, DbConnection owningConnection, DbConnectionOptions userOptions)
   at System.Data.ProviderBase.DbConnectionFactory.CreatePooledConnection(DbConnectionPool pool, DbConnection owningObject, DbConnectionOptions options, DbConnectionPoolKey poolKey, DbConnectionOptions userOptions)
   at System.Data.ProviderBase.DbConnectionPool.CreateObject(DbConnection owningObject, DbConnectionOptions userOptions, DbConnectionInternal oldConnection)
   at System.Data.ProviderBase.DbConnectionPool.UserCreateRequest(DbConnection owningObject, DbConnectionOptions userOptions, DbConnectionInternal oldConnection)
   at System.Data.ProviderBase.DbConnectionPool.TryGetConnection(DbConnection owningObject, UInt32 waitForMultipleObjectsTimeout, Boolean allowCreate, Boolean onlyOneCheckConnection, DbConnectionOptions userOptions, DbConnectionInternal& connection)
   at System.Data.ProviderBase.DbConnectionPool.TryGetConnection(DbConnection owningObject, TaskCompletionSource`1 retry, DbConnectionOptions userOptions, DbConnectionInternal& connection)
   at System.Data.ProviderBase.DbConnectionFactory.TryGetConnection(DbConnection owningConnection, TaskCompletionSource`1 retry, DbConnectionOptions userOptions, DbConnectionInternal oldConnection, DbConnectionInternal& connection)
   at System.Data.ProviderBase.DbConnectionInternal.TryOpenConnectionInternal(DbConnection outerConnection, DbConnectionFactory connectionFactory, TaskCompletionSource`1 retry, DbConnectionOptions userOptions)
   at System.Data.SqlClient.SqlConnection.TryOpen(TaskCompletionSource`1 retry)
   at System.Data.SqlClient.SqlConnection.Open()
   at FileTransform.FileProcessing.ManhattanPunchProcessor.LoadLocationMapping() in D:\Emergere\ConnorsLLC\ConnorsLLC_Project\FileTransform\FileProcessing\ManhattanPunchProcessor.cs:line 111
   at FileTransform.FileProcessing.ManhattanPunchProcessor..ctor(JObject clientSettings) in D:\Emergere\ConnorsLLC\ConnorsLLC_Project\FileTransform\FileProcessing\ManhattanPunchProcessor.cs:line 58
   at FileTransform.FileProcessing.CsvFileProcessorFactory.GetProcessor(String processortype, JObject clientSettings) in D:\Emergere\ConnorsLLC\ConnorsLLC_Project\FileTransform\FileProcessing\CsvFileProcessorFactory.cs:line 33
   at Program.FetchAndProcessFilesAsync(IFileTransferClient fileTransferClient, String processorType, String processedFolder, String reprocessingFolder, String outputFolder, String decryptedFolderOutput, JObject clientSettings, String fileNameStartsWith) in D:\Emergere\ConnorsLLC\ConnorsLLC_Project\FileTransform\Program.cs:line 204
ClientConnectionId:00000000-0000-0000-0000-000000000000
Error Number:53,State:0,Class:20
2025-04-01 14:29:39.0372 [INFO] ERROR: A network-related or instance-specific error occurred while establishing a connection to SQL Server. The server was not found or was not accessible. Verify that the instance name is correct and that SQL Server is configured to allow remote connections. (provider: Named Pipes Provider, error: 40 - Could not open a connection to SQL Server) - moved to ReprocessFiles. 
2025-04-01 14:29:39.0372 [ERROR] Exception occured inside the module FetchAndProcessFilesAsync System.Data.SqlClient.SqlException (0x80131904): A network-related or instance-specific error occurred while establishing a connection to SQL Server. The server was not found or was not accessible. Verify that the instance name is correct and that SQL Server is configured to allow remote connections. (provider: Named Pipes Provider, error: 40 - Could not open a connection to SQL Server)
 ---> System.ComponentModel.Win32Exception (53): The network path was not found.
   at System.Data.SqlClient.SqlInternalConnectionTds..ctor(DbConnectionPoolIdentity identity, SqlConnectionString connectionOptions, SqlCredential credential, Object providerInfo, String newPassword, SecureString newSecurePassword, Boolean redirectedUserInstance, SqlConnectionString userConnectionOptions, SessionData reconnectSessionData, Boolean applyTransientFaultHandling, String accessToken)
   at System.Data.SqlClient.SqlConnectionFactory.CreateConnection(DbConnectionOptions options, DbConnectionPoolKey poolKey, Object poolGroupProviderInfo, DbConnectionPool pool, DbConnection owningConnection, DbConnectionOptions userOptions)
   at System.Data.ProviderBase.DbConnectionFactory.CreatePooledConnection(DbConnectionPool pool, DbConnection owningObject, DbConnectionOptions options, DbConnectionPoolKey poolKey, DbConnectionOptions userOptions)
   at System.Data.ProviderBase.DbConnectionPool.CreateObject(DbConnection owningObject, DbConnectionOptions userOptions, DbConnectionInternal oldConnection)
   at System.Data.ProviderBase.DbConnectionPool.UserCreateRequest(DbConnection owningObject, DbConnectionOptions userOptions, DbConnectionInternal oldConnection)
   at System.Data.ProviderBase.DbConnectionPool.TryGetConnection(DbConnection owningObject, UInt32 waitForMultipleObjectsTimeout, Boolean allowCreate, Boolean onlyOneCheckConnection, DbConnectionOptions userOptions, DbConnectionInternal& connection)
   at System.Data.ProviderBase.DbConnectionPool.TryGetConnection(DbConnection owningObject, TaskCompletionSource`1 retry, DbConnectionOptions userOptions, DbConnectionInternal& connection)
   at System.Data.ProviderBase.DbConnectionFactory.TryGetConnection(DbConnection owningConnection, TaskCompletionSource`1 retry, DbConnectionOptions userOptions, DbConnectionInternal oldConnection, DbConnectionInternal& connection)
   at System.Data.ProviderBase.DbConnectionInternal.TryOpenConnectionInternal(DbConnection outerConnection, DbConnectionFactory connectionFactory, TaskCompletionSource`1 retry, DbConnectionOptions userOptions)
   at System.Data.SqlClient.SqlConnection.TryOpen(TaskCompletionSource`1 retry)
   at System.Data.SqlClient.SqlConnection.Open()
   at FileTransform.FileProcessing.ManhattanPunchProcessor.LoadLocationMapping() in D:\Emergere\ConnorsLLC\ConnorsLLC_Project\FileTransform\FileProcessing\ManhattanPunchProcessor.cs:line 111
   at FileTransform.FileProcessing.ManhattanPunchProcessor..ctor(JObject clientSettings) in D:\Emergere\ConnorsLLC\ConnorsLLC_Project\FileTransform\FileProcessing\ManhattanPunchProcessor.cs:line 58
   at FileTransform.FileProcessing.CsvFileProcessorFactory.GetProcessor(String processortype, JObject clientSettings) in D:\Emergere\ConnorsLLC\ConnorsLLC_Project\FileTransform\FileProcessing\CsvFileProcessorFactory.cs:line 33
   at Program.FetchAndProcessFilesAsync(IFileTransferClient fileTransferClient, String processorType, String processedFolder, String reprocessingFolder, String outputFolder, String decryptedFolderOutput, JObject clientSettings, String fileNameStartsWith) in D:\Emergere\ConnorsLLC\ConnorsLLC_Project\FileTransform\Program.cs:line 204
ClientConnectionId:00000000-0000-0000-0000-000000000000
Error Number:53,State:0,Class:20
2025-04-01 14:29:39.0372 [INFO] Processing completed for processor type: manhattanpunch 
2025-04-01 14:29:39.0372 [INFO] Application Completed Successfully 
2025-04-01 14:40:32.3795 [DEBUG] Application Starting 
2025-04-01 14:40:32.5519 [INFO] Starting processing for processor type: manhattanpunch with fileNameStartsWith: TimeClockChangeEntity 
2025-04-01 14:40:38.3144 [INFO] Vault URL.............................. https://edp-dev-keyvault.vault.azure.net 
2025-04-01 14:40:38.3144 [INFO] tenantId................................. 7b5043c5-ff30-434b-b66e-f8cf457db68a 
2025-04-01 14:40:38.3144 [INFO] clientId.................................. ce531e70-9d35-4470-a50d-77bb184177cf 
2025-04-01 14:40:38.3144 [INFO] clientSecret................................. Testing 
2025-04-01 14:42:43.4666 [DEBUG] Application Starting 
2025-04-01 14:42:43.6625 [INFO] Starting processing for processor type: manhattanpunch with fileNameStartsWith: TimeClockChangeEntity 
2025-04-01 14:42:47.9453 [INFO] Vault URL.............................. https://edp-dev-keyvault.vault.azure.net 
2025-04-01 14:42:47.9453 [INFO] tenantId................................. 7b5043c5-ff30-434b-b66e-f8cf457db68a 
2025-04-01 14:42:47.9453 [INFO] clientId.................................. ce531e70-9d35-4470-a50d-77bb184177cf 
2025-04-01 14:42:47.9453 [INFO] clientSecret................................. Testing 
2025-04-01 14:43:21.9593 [INFO] Passwords retrieved successfully inside constructor. 
2025-04-01 14:43:22.5526 [INFO] SFTP clients initialized: Legacy(sftp2.uat.legion.work:22), FiveBelow(sftp2.uat.legion.work:22) 
2025-04-01 14:45:24.8466 [DEBUG] Application Starting 
2025-04-01 14:45:25.0645 [INFO] Starting processing for processor type: manhattanpunch with fileNameStartsWith: TimeClockChangeEntity 
2025-04-01 14:45:27.4708 [INFO] Vault URL.............................. https://edp-dev-keyvault.vault.azure.net 
2025-04-01 14:45:27.4708 [INFO] tenantId................................. 7b5043c5-ff30-434b-b66e-f8cf457db68a 
2025-04-01 14:45:27.4708 [INFO] clientId.................................. ce531e70-9d35-4470-a50d-77bb184177cf 
2025-04-01 14:45:27.4708 [INFO] clientSecret................................. Testing 
2025-04-01 14:45:40.7858 [INFO] Passwords retrieved successfully inside constructor. 
2025-04-01 14:45:40.8259 [INFO] SFTP clients initialized: Legacy(sftp2.uat.legion.work:22), FiveBelow(sftp2.uat.legion.work:22) 
2025-04-01 14:46:45.8677 [ERROR] Failed to retrieve secret password from Key Vault. Azure.Identity.AuthenticationFailedException: ClientSecretCredential authentication failed: 
 ---> MSAL.CoreCLR.4.67.2.0.MsalServiceException:
	ErrorCode: invalid_client
Microsoft.Identity.Client.MsalServiceException: A configuration issue is preventing authentication - check the error message from the server for details. You can modify the configuration in the application registration portal. See https://aka.ms/msal-net-invalid-client for details.  Original exception: AADSTS7000215: Invalid client secret provided. Ensure the secret being sent in the request is the client secret value, not the client secret ID, for a secret added to app 'ce531e70-9d35-4470-a50d-77bb184177cf'. Trace ID: a7968d1b-834f-4b42-aa74-7197ea2d6200 Correlation ID: e584890b-5c62-419a-9a1e-88560a305703 Timestamp: 2025-04-01 09:16:45Z
   at Microsoft.Identity.Client.OAuth2.OAuth2Client.ThrowServerException(HttpResponse response, RequestContext requestContext)
   at Microsoft.Identity.Client.OAuth2.OAuth2Client.CreateResponse[T](HttpResponse response, RequestContext requestContext)
   at Microsoft.Identity.Client.OAuth2.OAuth2Client.ExecuteRequestAsync[T](Uri endPoint, HttpMethod method, RequestContext requestContext, Boolean expectErrorsOn200OK, Boolean addCommonHeaders, Func`2 onBeforePostRequestData)
   at Microsoft.Identity.Client.OAuth2.TokenClient.SendHttpAndClearTelemetryAsync(String tokenEndpoint, ILoggerAdapter logger)
   at Microsoft.Identity.Client.OAuth2.TokenClient.SendHttpAndClearTelemetryAsync(String tokenEndpoint, ILoggerAdapter logger)
   at Microsoft.Identity.Client.OAuth2.TokenClient.SendTokenRequestAsync(IDictionary`2 additionalBodyParameters, String scopeOverride, String tokenEndpointOverride, CancellationToken cancellationToken)
   at Microsoft.Identity.Client.Internal.Requests.RequestBase.SendTokenRequestAsync(IDictionary`2 additionalBodyParameters, CancellationToken cancellationToken)
   at Microsoft.Identity.Client.Internal.Requests.ClientCredentialRequest.GetAccessTokenAsync(CancellationToken cancellationToken, ILoggerAdapter logger)
   at Microsoft.Identity.Client.Internal.Requests.ClientCredentialRequest.ExecuteAsync(CancellationToken cancellationToken)
   at Microsoft.Identity.Client.Internal.Requests.RequestBase.<>c__DisplayClass11_1.<<RunAsync>b__1>d.MoveNext()
--- End of stack trace from previous location ---
   at Microsoft.Identity.Client.Utils.StopwatchService.MeasureCodeBlockAsync(Func`1 codeBlock)
   at Microsoft.Identity.Client.Internal.Requests.RequestBase.RunAsync(CancellationToken cancellationToken)
   at Microsoft.Identity.Client.ApiConfig.Executors.ConfidentialClientExecutor.ExecuteAsync(AcquireTokenCommonParameters commonParameters, AcquireTokenForClientParameters clientParameters, CancellationToken cancellationToken)
   at Azure.Identity.AbstractAcquireTokenParameterBuilderExtensions.ExecuteAsync[T](AbstractAcquireTokenParameterBuilder`1 builder, Boolean async, CancellationToken cancellationToken)
   at Azure.Identity.MsalConfidentialClient.AcquireTokenForClientCoreAsync(String[] scopes, String tenantId, String claims, Boolean enableCae, Boolean async, CancellationToken cancellationToken)
   at Azure.Identity.MsalConfidentialClient.AcquireTokenForClientAsync(String[] scopes, String tenantId, String claims, Boolean enableCae, Boolean async, CancellationToken cancellationToken)
   at Azure.Identity.ClientSecretCredential.GetTokenAsync(TokenRequestContext requestContext, CancellationToken cancellationToken)
	StatusCode: 401 
	ResponseBody: {"error":"invalid_client","error_description":"AADSTS7000215: Invalid client secret provided. Ensure the secret being sent in the request is the client secret value, not the client secret ID, for a secret added to app 'ce531e70-9d35-4470-a50d-77bb184177cf'. Trace ID: a7968d1b-834f-4b42-aa74-7197ea2d6200 Correlation ID: e584890b-5c62-419a-9a1e-88560a305703 Timestamp: 2025-04-01 09:16:45Z","error_codes":[7000215],"timestamp":"2025-04-01 09:16:45Z","trace_id":"a7968d1b-834f-4b42-aa74-7197ea2d6200","correlation_id":"e584890b-5c62-419a-9a1e-88560a305703","error_uri":"https://login.microsoftonline.com/error?code=7000215"} 
	Headers: Cache-Control: no-store, no-cache
Pragma: no-cache
Strict-Transport-Security: max-age=31536000; includeSubDomains
X-Content-Type-Options: nosniff
P3P: CP="DSP CUR OTPi IND OTRi ONL FIN"
client-request-id: e584890b-5c62-419a-9a1e-88560a305703
x-ms-request-id: a7968d1b-834f-4b42-aa74-7197ea2d6200
x-ms-ests-server: 2.1.20393.4 - WUS3 ProdSlices
x-ms-clitelem: 1,7000215,0,,
x-ms-srs: 1.P
Content-Security-Policy-Report-Only: object-src 'none'; base-uri 'self'; script-src 'self' 'nonce-PxtsmvrU_-gK6NbKi5AIWg' 'unsafe-inline' 'unsafe-eval' https://*.msauth.net https://*.msftauth.net https://*.msftauthimages.net https://*.msauthimages.net https://*.msidentity.com https://*.microsoftonline-p.com https://*.microsoftazuread-sso.com https://*.azureedge.net https://*.outlook.com https://*.office.com https://*.office365.com https://*.microsoft.com https://*.bing.com 'report-sample'; report-uri https://csp.microsoft.com/report/ESTS-UX-All
X-XSS-Protection: 0
Set-Cookie: fpc=AncqQ_jkJQRJoloHsgkmu4iqPim4AQAAAPylfd8OAAAA; expires=Thu, 01-May-2025 09:16:45 GMT; path=/; secure; HttpOnly; SameSite=None, x-ms-gateway-slice=estsfd; path=/; secure; samesite=none; httponly, stsservicecookie=estsfd; path=/; secure; samesite=none; httponly
Date: Tue, 01 Apr 2025 09:16:45 GMT

   --- End of inner exception stack trace ---
   at Azure.Identity.CredentialDiagnosticScope.FailWrapAndThrow(Exception ex, String additionalMessage, Boolean isCredentialUnavailable)
   at Azure.Identity.ClientSecretCredential.GetTokenAsync(TokenRequestContext requestContext, CancellationToken cancellationToken)
   at Azure.Core.Pipeline.BearerTokenAuthenticationPolicy.AccessTokenCache.SetResultOnTcsFromCredentialAsync(TokenRequestContext context, TaskCompletionSource`1 targetTcs, Boolean async, CancellationToken cancellationToken)
   at Azure.Core.Pipeline.BearerTokenAuthenticationPolicy.AccessTokenCache.GetAuthHeaderValueAsync(HttpMessage message, TokenRequestContext context, Boolean async)
   at Azure.Core.Pipeline.BearerTokenAuthenticationPolicy.AccessTokenCache.TokenRequestState.GetCurrentHeaderValue(Boolean async, Boolean checkForCompletion, CancellationToken cancellationToken)
   at Azure.Core.Pipeline.BearerTokenAuthenticationPolicy.AccessTokenCache.GetAuthHeaderValueAsync(HttpMessage message, TokenRequestContext context, Boolean async)
   at Azure.Core.Pipeline.BearerTokenAuthenticationPolicy.AuthenticateAndAuthorizeRequestAsync(HttpMessage message, TokenRequestContext context)
   at Azure.Security.KeyVault.ChallengeBasedAuthenticationPolicy.AuthorizeRequestOnChallengeAsyncInternal(HttpMessage message, Boolean async)
   at Azure.Security.KeyVault.ChallengeBasedAuthenticationPolicy.ProcessAsyncInternal(HttpMessage message, ReadOnlyMemory`1 pipeline, Boolean async)
   at Azure.Core.Pipeline.RedirectPolicy.ProcessAsync(HttpMessage message, ReadOnlyMemory`1 pipeline, Boolean async)
   at Azure.Core.Pipeline.RetryPolicy.ProcessAsync(HttpMessage message, ReadOnlyMemory`1 pipeline, Boolean async)
   at Azure.Core.Pipeline.RetryPolicy.ProcessAsync(HttpMessage message, ReadOnlyMemory`1 pipeline, Boolean async)
   at Azure.Core.Pipeline.HttpPipeline.SendRequestAsync(Request request, CancellationToken cancellationToken)
   at Azure.Security.KeyVault.KeyVaultPipeline.SendRequestAsync(Request request, CancellationToken cancellationToken)
   at Azure.Security.KeyVault.KeyVaultPipeline.SendRequestAsync[TResult](RequestMethod method, Func`1 resultFactory, CancellationToken cancellationToken, String[] path)
   at Azure.Security.KeyVault.Secrets.SecretClient.GetSecretAsync(String name, String version, CancellationToken cancellationToken)
   at FileTransform.Services.KeyVaultService.GetSecretAsync(String secretName) in D:\Emergere\ConnorsLLC\ConnorsLLC_Project\FileTransform\Services\KeyVaultService.cs:line 96
2025-04-01 14:46:46.2834 [ERROR] ClientSecretCredential authentication failed:  Azure.Identity.AuthenticationFailedException: ClientSecretCredential authentication failed: 
 ---> MSAL.CoreCLR.4.67.2.0.MsalServiceException:
	ErrorCode: invalid_client
Microsoft.Identity.Client.MsalServiceException: A configuration issue is preventing authentication - check the error message from the server for details. You can modify the configuration in the application registration portal. See https://aka.ms/msal-net-invalid-client for details.  Original exception: AADSTS7000215: Invalid client secret provided. Ensure the secret being sent in the request is the client secret value, not the client secret ID, for a secret added to app 'ce531e70-9d35-4470-a50d-77bb184177cf'. Trace ID: a7968d1b-834f-4b42-aa74-7197ea2d6200 Correlation ID: e584890b-5c62-419a-9a1e-88560a305703 Timestamp: 2025-04-01 09:16:45Z
   at Microsoft.Identity.Client.OAuth2.OAuth2Client.ThrowServerException(HttpResponse response, RequestContext requestContext)
   at Microsoft.Identity.Client.OAuth2.OAuth2Client.CreateResponse[T](HttpResponse response, RequestContext requestContext)
   at Microsoft.Identity.Client.OAuth2.OAuth2Client.ExecuteRequestAsync[T](Uri endPoint, HttpMethod method, RequestContext requestContext, Boolean expectErrorsOn200OK, Boolean addCommonHeaders, Func`2 onBeforePostRequestData)
   at Microsoft.Identity.Client.OAuth2.TokenClient.SendHttpAndClearTelemetryAsync(String tokenEndpoint, ILoggerAdapter logger)
   at Microsoft.Identity.Client.OAuth2.TokenClient.SendHttpAndClearTelemetryAsync(String tokenEndpoint, ILoggerAdapter logger)
   at Microsoft.Identity.Client.OAuth2.TokenClient.SendTokenRequestAsync(IDictionary`2 additionalBodyParameters, String scopeOverride, String tokenEndpointOverride, CancellationToken cancellationToken)
   at Microsoft.Identity.Client.Internal.Requests.RequestBase.SendTokenRequestAsync(IDictionary`2 additionalBodyParameters, CancellationToken cancellationToken)
   at Microsoft.Identity.Client.Internal.Requests.ClientCredentialRequest.GetAccessTokenAsync(CancellationToken cancellationToken, ILoggerAdapter logger)
   at Microsoft.Identity.Client.Internal.Requests.ClientCredentialRequest.ExecuteAsync(CancellationToken cancellationToken)
   at Microsoft.Identity.Client.Internal.Requests.RequestBase.<>c__DisplayClass11_1.<<RunAsync>b__1>d.MoveNext()
--- End of stack trace from previous location ---
   at Microsoft.Identity.Client.Utils.StopwatchService.MeasureCodeBlockAsync(Func`1 codeBlock)
   at Microsoft.Identity.Client.Internal.Requests.RequestBase.RunAsync(CancellationToken cancellationToken)
   at Microsoft.Identity.Client.ApiConfig.Executors.ConfidentialClientExecutor.ExecuteAsync(AcquireTokenCommonParameters commonParameters, AcquireTokenForClientParameters clientParameters, CancellationToken cancellationToken)
   at Azure.Identity.AbstractAcquireTokenParameterBuilderExtensions.ExecuteAsync[T](AbstractAcquireTokenParameterBuilder`1 builder, Boolean async, CancellationToken cancellationToken)
   at Azure.Identity.MsalConfidentialClient.AcquireTokenForClientCoreAsync(String[] scopes, String tenantId, String claims, Boolean enableCae, Boolean async, CancellationToken cancellationToken)
   at Azure.Identity.MsalConfidentialClient.AcquireTokenForClientAsync(String[] scopes, String tenantId, String claims, Boolean enableCae, Boolean async, CancellationToken cancellationToken)
   at Azure.Identity.ClientSecretCredential.GetTokenAsync(TokenRequestContext requestContext, CancellationToken cancellationToken)
	StatusCode: 401 
	ResponseBody: {"error":"invalid_client","error_description":"AADSTS7000215: Invalid client secret provided. Ensure the secret being sent in the request is the client secret value, not the client secret ID, for a secret added to app 'ce531e70-9d35-4470-a50d-77bb184177cf'. Trace ID: a7968d1b-834f-4b42-aa74-7197ea2d6200 Correlation ID: e584890b-5c62-419a-9a1e-88560a305703 Timestamp: 2025-04-01 09:16:45Z","error_codes":[7000215],"timestamp":"2025-04-01 09:16:45Z","trace_id":"a7968d1b-834f-4b42-aa74-7197ea2d6200","correlation_id":"e584890b-5c62-419a-9a1e-88560a305703","error_uri":"https://login.microsoftonline.com/error?code=7000215"} 
	Headers: Cache-Control: no-store, no-cache
Pragma: no-cache
Strict-Transport-Security: max-age=31536000; includeSubDomains
X-Content-Type-Options: nosniff
P3P: CP="DSP CUR OTPi IND OTRi ONL FIN"
client-request-id: e584890b-5c62-419a-9a1e-88560a305703
x-ms-request-id: a7968d1b-834f-4b42-aa74-7197ea2d6200
x-ms-ests-server: 2.1.20393.4 - WUS3 ProdSlices
x-ms-clitelem: 1,7000215,0,,
x-ms-srs: 1.P
Content-Security-Policy-Report-Only: object-src 'none'; base-uri 'self'; script-src 'self' 'nonce-PxtsmvrU_-gK6NbKi5AIWg' 'unsafe-inline' 'unsafe-eval' https://*.msauth.net https://*.msftauth.net https://*.msftauthimages.net https://*.msauthimages.net https://*.msidentity.com https://*.microsoftonline-p.com https://*.microsoftazuread-sso.com https://*.azureedge.net https://*.outlook.com https://*.office.com https://*.office365.com https://*.microsoft.com https://*.bing.com 'report-sample'; report-uri https://csp.microsoft.com/report/ESTS-UX-All
X-XSS-Protection: 0
Set-Cookie: fpc=AncqQ_jkJQRJoloHsgkmu4iqPim4AQAAAPylfd8OAAAA; expires=Thu, 01-May-2025 09:16:45 GMT; path=/; secure; HttpOnly; SameSite=None, x-ms-gateway-slice=estsfd; path=/; secure; samesite=none; httponly, stsservicecookie=estsfd; path=/; secure; samesite=none; httponly
Date: Tue, 01 Apr 2025 09:16:45 GMT

   --- End of inner exception stack trace ---
   at Azure.Identity.CredentialDiagnosticScope.FailWrapAndThrow(Exception ex, String additionalMessage, Boolean isCredentialUnavailable)
   at Azure.Identity.ClientSecretCredential.GetTokenAsync(TokenRequestContext requestContext, CancellationToken cancellationToken)
   at Azure.Core.Pipeline.BearerTokenAuthenticationPolicy.AccessTokenCache.SetResultOnTcsFromCredentialAsync(TokenRequestContext context, TaskCompletionSource`1 targetTcs, Boolean async, CancellationToken cancellationToken)
   at Azure.Core.Pipeline.BearerTokenAuthenticationPolicy.AccessTokenCache.GetAuthHeaderValueAsync(HttpMessage message, TokenRequestContext context, Boolean async)
   at Azure.Core.Pipeline.BearerTokenAuthenticationPolicy.AccessTokenCache.TokenRequestState.GetCurrentHeaderValue(Boolean async, Boolean checkForCompletion, CancellationToken cancellationToken)
   at Azure.Core.Pipeline.BearerTokenAuthenticationPolicy.AccessTokenCache.GetAuthHeaderValueAsync(HttpMessage message, TokenRequestContext context, Boolean async)
   at Azure.Core.Pipeline.BearerTokenAuthenticationPolicy.AuthenticateAndAuthorizeRequestAsync(HttpMessage message, TokenRequestContext context)
   at Azure.Security.KeyVault.ChallengeBasedAuthenticationPolicy.AuthorizeRequestOnChallengeAsyncInternal(HttpMessage message, Boolean async)
   at Azure.Security.KeyVault.ChallengeBasedAuthenticationPolicy.ProcessAsyncInternal(HttpMessage message, ReadOnlyMemory`1 pipeline, Boolean async)
   at Azure.Core.Pipeline.RedirectPolicy.ProcessAsync(HttpMessage message, ReadOnlyMemory`1 pipeline, Boolean async)
   at Azure.Core.Pipeline.RetryPolicy.ProcessAsync(HttpMessage message, ReadOnlyMemory`1 pipeline, Boolean async)
   at Azure.Core.Pipeline.RetryPolicy.ProcessAsync(HttpMessage message, ReadOnlyMemory`1 pipeline, Boolean async)
   at Azure.Core.Pipeline.HttpPipeline.SendRequestAsync(Request request, CancellationToken cancellationToken)
   at Azure.Security.KeyVault.KeyVaultPipeline.SendRequestAsync(Request request, CancellationToken cancellationToken)
   at Azure.Security.KeyVault.KeyVaultPipeline.SendRequestAsync[TResult](RequestMethod method, Func`1 resultFactory, CancellationToken cancellationToken, String[] path)
   at Azure.Security.KeyVault.Secrets.SecretClient.GetSecretAsync(String name, String version, CancellationToken cancellationToken)
   at FileTransform.Services.KeyVaultService.GetSecretAsync(String secretName) in D:\Emergere\ConnorsLLC\ConnorsLLC_Project\FileTransform\Services\KeyVaultService.cs:line 96
   at FileTransform.Services.KeyVaultService.GetConnectionStringAsync(JObject clientSettings) in D:\Emergere\ConnorsLLC\ConnorsLLC_Project\FileTransform\Services\KeyVaultService.cs:line 30
2025-04-01 14:46:46.7802 [ERROR] ClientSecretCredential authentication failed:  Azure.Identity.AuthenticationFailedException: ClientSecretCredential authentication failed: 
 ---> MSAL.CoreCLR.4.67.2.0.MsalServiceException:
	ErrorCode: invalid_client
Microsoft.Identity.Client.MsalServiceException: A configuration issue is preventing authentication - check the error message from the server for details. You can modify the configuration in the application registration portal. See https://aka.ms/msal-net-invalid-client for details.  Original exception: AADSTS7000215: Invalid client secret provided. Ensure the secret being sent in the request is the client secret value, not the client secret ID, for a secret added to app 'ce531e70-9d35-4470-a50d-77bb184177cf'. Trace ID: a7968d1b-834f-4b42-aa74-7197ea2d6200 Correlation ID: e584890b-5c62-419a-9a1e-88560a305703 Timestamp: 2025-04-01 09:16:45Z
   at Microsoft.Identity.Client.OAuth2.OAuth2Client.ThrowServerException(HttpResponse response, RequestContext requestContext)
   at Microsoft.Identity.Client.OAuth2.OAuth2Client.CreateResponse[T](HttpResponse response, RequestContext requestContext)
   at Microsoft.Identity.Client.OAuth2.OAuth2Client.ExecuteRequestAsync[T](Uri endPoint, HttpMethod method, RequestContext requestContext, Boolean expectErrorsOn200OK, Boolean addCommonHeaders, Func`2 onBeforePostRequestData)
   at Microsoft.Identity.Client.OAuth2.TokenClient.SendHttpAndClearTelemetryAsync(String tokenEndpoint, ILoggerAdapter logger)
   at Microsoft.Identity.Client.OAuth2.TokenClient.SendHttpAndClearTelemetryAsync(String tokenEndpoint, ILoggerAdapter logger)
   at Microsoft.Identity.Client.OAuth2.TokenClient.SendTokenRequestAsync(IDictionary`2 additionalBodyParameters, String scopeOverride, String tokenEndpointOverride, CancellationToken cancellationToken)
   at Microsoft.Identity.Client.Internal.Requests.RequestBase.SendTokenRequestAsync(IDictionary`2 additionalBodyParameters, CancellationToken cancellationToken)
   at Microsoft.Identity.Client.Internal.Requests.ClientCredentialRequest.GetAccessTokenAsync(CancellationToken cancellationToken, ILoggerAdapter logger)
   at Microsoft.Identity.Client.Internal.Requests.ClientCredentialRequest.ExecuteAsync(CancellationToken cancellationToken)
   at Microsoft.Identity.Client.Internal.Requests.RequestBase.<>c__DisplayClass11_1.<<RunAsync>b__1>d.MoveNext()
--- End of stack trace from previous location ---
   at Microsoft.Identity.Client.Utils.StopwatchService.MeasureCodeBlockAsync(Func`1 codeBlock)
   at Microsoft.Identity.Client.Internal.Requests.RequestBase.RunAsync(CancellationToken cancellationToken)
   at Microsoft.Identity.Client.ApiConfig.Executors.ConfidentialClientExecutor.ExecuteAsync(AcquireTokenCommonParameters commonParameters, AcquireTokenForClientParameters clientParameters, CancellationToken cancellationToken)
   at Azure.Identity.AbstractAcquireTokenParameterBuilderExtensions.ExecuteAsync[T](AbstractAcquireTokenParameterBuilder`1 builder, Boolean async, CancellationToken cancellationToken)
   at Azure.Identity.MsalConfidentialClient.AcquireTokenForClientCoreAsync(String[] scopes, String tenantId, String claims, Boolean enableCae, Boolean async, CancellationToken cancellationToken)
   at Azure.Identity.MsalConfidentialClient.AcquireTokenForClientAsync(String[] scopes, String tenantId, String claims, Boolean enableCae, Boolean async, CancellationToken cancellationToken)
   at Azure.Identity.ClientSecretCredential.GetTokenAsync(TokenRequestContext requestContext, CancellationToken cancellationToken)
	StatusCode: 401 
	ResponseBody: {"error":"invalid_client","error_description":"AADSTS7000215: Invalid client secret provided. Ensure the secret being sent in the request is the client secret value, not the client secret ID, for a secret added to app 'ce531e70-9d35-4470-a50d-77bb184177cf'. Trace ID: a7968d1b-834f-4b42-aa74-7197ea2d6200 Correlation ID: e584890b-5c62-419a-9a1e-88560a305703 Timestamp: 2025-04-01 09:16:45Z","error_codes":[7000215],"timestamp":"2025-04-01 09:16:45Z","trace_id":"a7968d1b-834f-4b42-aa74-7197ea2d6200","correlation_id":"e584890b-5c62-419a-9a1e-88560a305703","error_uri":"https://login.microsoftonline.com/error?code=7000215"} 
	Headers: Cache-Control: no-store, no-cache
Pragma: no-cache
Strict-Transport-Security: max-age=31536000; includeSubDomains
X-Content-Type-Options: nosniff
P3P: CP="DSP CUR OTPi IND OTRi ONL FIN"
client-request-id: e584890b-5c62-419a-9a1e-88560a305703
x-ms-request-id: a7968d1b-834f-4b42-aa74-7197ea2d6200
x-ms-ests-server: 2.1.20393.4 - WUS3 ProdSlices
x-ms-clitelem: 1,7000215,0,,
x-ms-srs: 1.P
Content-Security-Policy-Report-Only: object-src 'none'; base-uri 'self'; script-src 'self' 'nonce-PxtsmvrU_-gK6NbKi5AIWg' 'unsafe-inline' 'unsafe-eval' https://*.msauth.net https://*.msftauth.net https://*.msftauthimages.net https://*.msauthimages.net https://*.msidentity.com https://*.microsoftonline-p.com https://*.microsoftazuread-sso.com https://*.azureedge.net https://*.outlook.com https://*.office.com https://*.office365.com https://*.microsoft.com https://*.bing.com 'report-sample'; report-uri https://csp.microsoft.com/report/ESTS-UX-All
X-XSS-Protection: 0
Set-Cookie: fpc=AncqQ_jkJQRJoloHsgkmu4iqPim4AQAAAPylfd8OAAAA; expires=Thu, 01-May-2025 09:16:45 GMT; path=/; secure; HttpOnly; SameSite=None, x-ms-gateway-slice=estsfd; path=/; secure; samesite=none; httponly, stsservicecookie=estsfd; path=/; secure; samesite=none; httponly
Date: Tue, 01 Apr 2025 09:16:45 GMT

   --- End of inner exception stack trace ---
   at Azure.Identity.CredentialDiagnosticScope.FailWrapAndThrow(Exception ex, String additionalMessage, Boolean isCredentialUnavailable)
   at Azure.Identity.ClientSecretCredential.GetTokenAsync(TokenRequestContext requestContext, CancellationToken cancellationToken)
   at Azure.Core.Pipeline.BearerTokenAuthenticationPolicy.AccessTokenCache.SetResultOnTcsFromCredentialAsync(TokenRequestContext context, TaskCompletionSource`1 targetTcs, Boolean async, CancellationToken cancellationToken)
   at Azure.Core.Pipeline.BearerTokenAuthenticationPolicy.AccessTokenCache.GetAuthHeaderValueAsync(HttpMessage message, TokenRequestContext context, Boolean async)
   at Azure.Core.Pipeline.BearerTokenAuthenticationPolicy.AccessTokenCache.TokenRequestState.GetCurrentHeaderValue(Boolean async, Boolean checkForCompletion, CancellationToken cancellationToken)
   at Azure.Core.Pipeline.BearerTokenAuthenticationPolicy.AccessTokenCache.GetAuthHeaderValueAsync(HttpMessage message, TokenRequestContext context, Boolean async)
   at Azure.Core.Pipeline.BearerTokenAuthenticationPolicy.AuthenticateAndAuthorizeRequestAsync(HttpMessage message, TokenRequestContext context)
   at Azure.Security.KeyVault.ChallengeBasedAuthenticationPolicy.AuthorizeRequestOnChallengeAsyncInternal(HttpMessage message, Boolean async)
   at Azure.Security.KeyVault.ChallengeBasedAuthenticationPolicy.ProcessAsyncInternal(HttpMessage message, ReadOnlyMemory`1 pipeline, Boolean async)
   at Azure.Core.Pipeline.RedirectPolicy.ProcessAsync(HttpMessage message, ReadOnlyMemory`1 pipeline, Boolean async)
   at Azure.Core.Pipeline.RetryPolicy.ProcessAsync(HttpMessage message, ReadOnlyMemory`1 pipeline, Boolean async)
   at Azure.Core.Pipeline.RetryPolicy.ProcessAsync(HttpMessage message, ReadOnlyMemory`1 pipeline, Boolean async)
   at Azure.Core.Pipeline.HttpPipeline.SendRequestAsync(Request request, CancellationToken cancellationToken)
   at Azure.Security.KeyVault.KeyVaultPipeline.SendRequestAsync(Request request, CancellationToken cancellationToken)
   at Azure.Security.KeyVault.KeyVaultPipeline.SendRequestAsync[TResult](RequestMethod method, Func`1 resultFactory, CancellationToken cancellationToken, String[] path)
   at Azure.Security.KeyVault.Secrets.SecretClient.GetSecretAsync(String name, String version, CancellationToken cancellationToken)
   at FileTransform.Services.KeyVaultService.GetSecretAsync(String secretName) in D:\Emergere\ConnorsLLC\ConnorsLLC_Project\FileTransform\Services\KeyVaultService.cs:line 96
   at FileTransform.Services.KeyVaultService.GetConnectionStringAsync(JObject clientSettings) in D:\Emergere\ConnorsLLC\ConnorsLLC_Project\FileTransform\Services\KeyVaultService.cs:line 30
   at FileTransform.FileProcessing.ManhattanPunchProcessor.GetDBPasswordFromKeyVault(JObject clientSettings) in D:\Emergere\ConnorsLLC\ConnorsLLC_Project\FileTransform\FileProcessing\ManhattanPunchProcessor.cs:line 91
