2025-03-31 16:24:03.1523 [DEBUG] Application Starting 
2025-03-31 16:24:03.3195 [INFO] Starting processing for processor type: payroll with fileNameStartsWith: Payfile_K3W 
2025-03-31 16:24:05.6417 [INFO] Vault URL.............................. https://edp-dev-keyvault.vault.azure.net/secrets/Legion-PunchData-DEV/1356057024f34921ab18600da9acbd99 
2025-03-31 16:24:05.6417 [INFO] tenantId................................. 7b5043c5-ff30-434b-b66e-f8cf457db68a 
2025-03-31 16:24:05.6417 [INFO] clientId.................................. 45aa3f38-5597-4f7e-baab-c589a63cf20b 
2025-03-31 16:24:05.6417 [INFO] clientSecret................................. Testing 
2025-03-31 16:24:05.9578 [INFO] Before calling the secret from Key Vault... 
2025-03-31 16:25:54.2934 [DEBUG] Application Starting 
2025-03-31 16:25:54.4236 [INFO] Starting processing for processor type: payroll with fileNameStartsWith: Payfile_K3W 
2025-03-31 16:25:56.6252 [INFO] Vault URL.............................. https://edp-dev-keyvault.vault.azure.net/secrets/Legion-PunchData-DEV/1356057024f34921ab18600da9acbd99 
2025-03-31 16:25:56.6252 [INFO] tenantId................................. 7b5043c5-ff30-434b-b66e-f8cf457db68a 
2025-03-31 16:25:56.6252 [INFO] clientId.................................. 45aa3f38-5597-4f7e-baab-c589a63cf20b 
2025-03-31 16:25:56.6252 [INFO] clientSecret................................. Testing 
2025-03-31 16:25:56.8710 [INFO] Before calling the secret from Key Vault... 
2025-03-31 17:28:32.7877 [DEBUG] Application Starting 
2025-03-31 17:28:32.9465 [INFO] Starting processing for processor type: payroll with fileNameStartsWith: Payfile_K3W 
2025-03-31 17:28:32.9760 [INFO] Vault URL.............................. https://edp-dev-keyvault.vault.azure.net/secrets/Legion-PunchData-DEV/1356057024f34921ab18600da9acbd99 
2025-03-31 17:28:32.9760 [INFO] tenantId................................. 7b5043c5-ff30-434b-b66e-f8cf457db68a 
2025-03-31 17:28:32.9760 [INFO] clientId.................................. 45aa3f38-5597-4f7e-baab-c589a63cf20b 
2025-03-31 17:28:32.9760 [INFO] clientSecret................................. Testing 
2025-03-31 17:28:33.2295 [INFO] Before calling the secret from Key Vault... 
2025-03-31 17:28:33.4274 [INFO] Password retrieved for sftp connection..................System.Runtime.CompilerServices.AsyncTaskMethodBuilder`1+AsyncStateMachineBox`1[System.String,FileTransform.Services.KeyVaultService+<GetSFTPPasswordAsync>d__3] 
2025-03-31 17:28:33.5788 [INFO] SFTP Connection Details...........sftp2.uat.legion.work...22...fivebelow-uat...System.Runtime.CompilerServices.AsyncTaskMethodBuilder`1+AsyncStateMachineBox`1[System.String,FileTransform.Services.KeyVaultService+<GetSFTPPasswordAsync>d__3] 
2025-03-31 17:28:34.5222 [ERROR] Failed to retrieve secret fb-legion-sftp-uat-passwd from Key Vault. Azure.RequestFailedException: Service request failed.
Status: 404 (Not Found)

Content:
<!DOCTYPE html PUBLIC "-//W3C//DTD XHTML 1.0 Strict//EN" "http://www.w3.org/TR/xhtml1/DTD/xhtml1-strict.dtd">
<html xmlns="http://www.w3.org/1999/xhtml">
<head>
<meta http-equiv="Content-Type" content="text/html; charset=iso-8859-1"/>
<title>404 - File or directory not found.</title>
<style type="text/css">
<!--
body{margin:0;font-size:.7em;font-family:Verdana, Arial, Helvetica, sans-serif;background:#EEEEEE;}
fieldset{padding:0 15px 10px 15px;} 
h1{font-size:2.4em;margin:0;color:#FFF;}
h2{font-size:1.7em;margin:0;color:#CC0000;} 
h3{font-size:1.2em;margin:10px 0 0 0;color:#000000;} 
#header{width:96%;margin:0 0 0 0;padding:6px 2% 6px 2%;font-family:"trebuchet MS", Verdana, sans-serif;color:#FFF;
background-color:#555555;}
#content{margin:0 0 0 2%;position:relative;}
.content-container{background:#FFF;width:96%;margin-top:8px;padding:10px;position:relative;}
-->
</style>
</head>
<body>
<div id="header"><h1>Server Error</h1></div>
<div id="content">
 <div class="content-container"><fieldset>
  <h2>404 - File or directory not found.</h2>
  <h3>The resource you are looking for might have been removed, had its name changed, or is temporarily unavailable.</h3>
 </fieldset></div>
</div>
</body>
</html>


Headers:
X-Content-Type-Options: REDACTED
Strict-Transport-Security: REDACTED
Date: Mon, 31 Mar 2025 11:58:21 GMT
Content-Type: text/html
Content-Length: 1245

   at Azure.Security.KeyVault.KeyVaultPipeline.SendRequestAsync(Request request, CancellationToken cancellationToken)
   at Azure.Security.KeyVault.KeyVaultPipeline.SendRequestAsync[TResult](RequestMethod method, Func`1 resultFactory, CancellationToken cancellationToken, String[] path)
   at Azure.Security.KeyVault.Secrets.SecretClient.GetSecretAsync(String name, String version, CancellationToken cancellationToken)
   at FileTransform.Services.KeyVaultService.GetSecretAsync(String secretName) in D:\Emergere\ConnorsLLC\ConnorsLLC_Project\FileTransform\Services\KeyVaultService.cs:line 94
2025-03-31 17:28:34.5926 [ERROR] Service request failed.
Status: 404 (Not Found)

Content:
<!DOCTYPE html PUBLIC "-//W3C//DTD XHTML 1.0 Strict//EN" "http://www.w3.org/TR/xhtml1/DTD/xhtml1-strict.dtd">
<html xmlns="http://www.w3.org/1999/xhtml">
<head>
<meta http-equiv="Content-Type" content="text/html; charset=iso-8859-1"/>
<title>404 - File or directory not found.</title>
<style type="text/css">
<!--
body{margin:0;font-size:.7em;font-family:Verdana, Arial, Helvetica, sans-serif;background:#EEEEEE;}
fieldset{padding:0 15px 10px 15px;} 
h1{font-size:2.4em;margin:0;color:#FFF;}
h2{font-size:1.7em;margin:0;color:#CC0000;} 
h3{font-size:1.2em;margin:10px 0 0 0;color:#000000;} 
#header{width:96%;margin:0 0 0 0;padding:6px 2% 6px 2%;font-family:"trebuchet MS", Verdana, sans-serif;color:#FFF;
background-color:#555555;}
#content{margin:0 0 0 2%;position:relative;}
.content-container{background:#FFF;width:96%;margin-top:8px;padding:10px;position:relative;}
-->
</style>
</head>
<body>
<div id="header"><h1>Server Error</h1></div>
<div id="content">
 <div class="content-container"><fieldset>
  <h2>404 - File or directory not found.</h2>
  <h3>The resource you are looking for might have been removed, had its name changed, or is temporarily unavailable.</h3>
 </fieldset></div>
</div>
</body>
</html>


Headers:
X-Content-Type-Options: REDACTED
Strict-Transport-Security: REDACTED
Date: Mon, 31 Mar 2025 11:58:21 GMT
Content-Type: text/html
Content-Length: 1245
 Azure.RequestFailedException: Service request failed.
Status: 404 (Not Found)

Content:
<!DOCTYPE html PUBLIC "-//W3C//DTD XHTML 1.0 Strict//EN" "http://www.w3.org/TR/xhtml1/DTD/xhtml1-strict.dtd">
<html xmlns="http://www.w3.org/1999/xhtml">
<head>
<meta http-equiv="Content-Type" content="text/html; charset=iso-8859-1"/>
<title>404 - File or directory not found.</title>
<style type="text/css">
<!--
body{margin:0;font-size:.7em;font-family:Verdana, Arial, Helvetica, sans-serif;background:#EEEEEE;}
fieldset{padding:0 15px 10px 15px;} 
h1{font-size:2.4em;margin:0;color:#FFF;}
h2{font-size:1.7em;margin:0;color:#CC0000;} 
h3{font-size:1.2em;margin:10px 0 0 0;color:#000000;} 
#header{width:96%;margin:0 0 0 0;padding:6px 2% 6px 2%;font-family:"trebuchet MS", Verdana, sans-serif;color:#FFF;
background-color:#555555;}
#content{margin:0 0 0 2%;position:relative;}
.content-container{background:#FFF;width:96%;margin-top:8px;padding:10px;position:relative;}
-->
</style>
</head>
<body>
<div id="header"><h1>Server Error</h1></div>
<div id="content">
 <div class="content-container"><fieldset>
  <h2>404 - File or directory not found.</h2>
  <h3>The resource you are looking for might have been removed, had its name changed, or is temporarily unavailable.</h3>
 </fieldset></div>
</div>
</body>
</html>


Headers:
X-Content-Type-Options: REDACTED
Strict-Transport-Security: REDACTED
Date: Mon, 31 Mar 2025 11:58:21 GMT
Content-Type: text/html
Content-Length: 1245

   at Azure.Security.KeyVault.KeyVaultPipeline.SendRequestAsync(Request request, CancellationToken cancellationToken)
   at Azure.Security.KeyVault.KeyVaultPipeline.SendRequestAsync[TResult](RequestMethod method, Func`1 resultFactory, CancellationToken cancellationToken, String[] path)
   at Azure.Security.KeyVault.Secrets.SecretClient.GetSecretAsync(String name, String version, CancellationToken cancellationToken)
   at FileTransform.Services.KeyVaultService.GetSecretAsync(String secretName) in D:\Emergere\ConnorsLLC\ConnorsLLC_Project\FileTransform\Services\KeyVaultService.cs:line 94
   at FileTransform.Services.KeyVaultService.GetSFTPPasswordAsync(JObject clientSettings) in D:\Emergere\ConnorsLLC\ConnorsLLC_Project\FileTransform\Services\KeyVaultService.cs:line 65
2025-03-31 17:28:38.1799 [ERROR] An error occurred while downloading the file: Permission denied (password). System.Exception: An error occurred while downloading the file: Permission denied (password).
2025-03-31 17:28:38.1799 [ERROR] No valid file was downloaded for processing. System.Exception: No valid file was downloaded for processing.
2025-03-31 17:28:38.1799 [INFO] Processing completed for processor type: payroll 
2025-03-31 17:28:38.1799 [INFO] Starting processing for processor type: accrualbalanceexport with fileNameStartsWith: AccrualBalanceExport 
2025-03-31 17:28:38.1799 [INFO] Vault URL.............................. https://edp-dev-keyvault.vault.azure.net/secrets/Legion-PunchData-DEV/1356057024f34921ab18600da9acbd99 
2025-03-31 17:28:38.1799 [INFO] tenantId................................. 7b5043c5-ff30-434b-b66e-f8cf457db68a 
2025-03-31 17:28:38.1799 [INFO] clientId.................................. 45aa3f38-5597-4f7e-baab-c589a63cf20b 
2025-03-31 17:28:38.1799 [INFO] clientSecret................................. Testing 
2025-03-31 17:28:38.1799 [INFO] Before calling the secret from Key Vault... 
2025-03-31 17:28:38.2824 [INFO] Password retrieved for sftp connection..................System.Runtime.CompilerServices.AsyncTaskMethodBuilder`1+AsyncStateMachineBox`1[System.String,FileTransform.Services.KeyVaultService+<GetSFTPPasswordAsync>d__3] 
2025-03-31 17:28:38.2824 [INFO] SFTP Connection Details...........sftp2.uat.legion.work...22...fivebelow-uat...System.Runtime.CompilerServices.AsyncTaskMethodBuilder`1+AsyncStateMachineBox`1[System.String,FileTransform.Services.KeyVaultService+<GetSFTPPasswordAsync>d__3] 
2025-03-31 17:28:38.4941 [ERROR] Failed to retrieve secret fb-legion-sftp-uat-passwd from Key Vault. Azure.RequestFailedException: Service request failed.
Status: 404 (Not Found)

Content:
<!DOCTYPE html PUBLIC "-//W3C//DTD XHTML 1.0 Strict//EN" "http://www.w3.org/TR/xhtml1/DTD/xhtml1-strict.dtd">
<html xmlns="http://www.w3.org/1999/xhtml">
<head>
<meta http-equiv="Content-Type" content="text/html; charset=iso-8859-1"/>
<title>404 - File or directory not found.</title>
<style type="text/css">
<!--
body{margin:0;font-size:.7em;font-family:Verdana, Arial, Helvetica, sans-serif;background:#EEEEEE;}
fieldset{padding:0 15px 10px 15px;} 
h1{font-size:2.4em;margin:0;color:#FFF;}
h2{font-size:1.7em;margin:0;color:#CC0000;} 
h3{font-size:1.2em;margin:10px 0 0 0;color:#000000;} 
#header{width:96%;margin:0 0 0 0;padding:6px 2% 6px 2%;font-family:"trebuchet MS", Verdana, sans-serif;color:#FFF;
background-color:#555555;}
#content{margin:0 0 0 2%;position:relative;}
.content-container{background:#FFF;width:96%;margin-top:8px;padding:10px;position:relative;}
-->
</style>
</head>
<body>
<div id="header"><h1>Server Error</h1></div>
<div id="content">
 <div class="content-container"><fieldset>
  <h2>404 - File or directory not found.</h2>
  <h3>The resource you are looking for might have been removed, had its name changed, or is temporarily unavailable.</h3>
 </fieldset></div>
</div>
</body>
</html>


Headers:
X-Content-Type-Options: REDACTED
Strict-Transport-Security: REDACTED
Date: Mon, 31 Mar 2025 11:58:25 GMT
Content-Type: text/html
Content-Length: 1245

   at Azure.Security.KeyVault.KeyVaultPipeline.SendRequestAsync(Request request, CancellationToken cancellationToken)
   at Azure.Security.KeyVault.KeyVaultPipeline.SendRequestAsync[TResult](RequestMethod method, Func`1 resultFactory, CancellationToken cancellationToken, String[] path)
   at Azure.Security.KeyVault.Secrets.SecretClient.GetSecretAsync(String name, String version, CancellationToken cancellationToken)
   at FileTransform.Services.KeyVaultService.GetSecretAsync(String secretName) in D:\Emergere\ConnorsLLC\ConnorsLLC_Project\FileTransform\Services\KeyVaultService.cs:line 94
2025-03-31 17:28:38.4941 [ERROR] Service request failed.
Status: 404 (Not Found)

Content:
<!DOCTYPE html PUBLIC "-//W3C//DTD XHTML 1.0 Strict//EN" "http://www.w3.org/TR/xhtml1/DTD/xhtml1-strict.dtd">
<html xmlns="http://www.w3.org/1999/xhtml">
<head>
<meta http-equiv="Content-Type" content="text/html; charset=iso-8859-1"/>
<title>404 - File or directory not found.</title>
<style type="text/css">
<!--
body{margin:0;font-size:.7em;font-family:Verdana, Arial, Helvetica, sans-serif;background:#EEEEEE;}
fieldset{padding:0 15px 10px 15px;} 
h1{font-size:2.4em;margin:0;color:#FFF;}
h2{font-size:1.7em;margin:0;color:#CC0000;} 
h3{font-size:1.2em;margin:10px 0 0 0;color:#000000;} 
#header{width:96%;margin:0 0 0 0;padding:6px 2% 6px 2%;font-family:"trebuchet MS", Verdana, sans-serif;color:#FFF;
background-color:#555555;}
#content{margin:0 0 0 2%;position:relative;}
.content-container{background:#FFF;width:96%;margin-top:8px;padding:10px;position:relative;}
-->
</style>
</head>
<body>
<div id="header"><h1>Server Error</h1></div>
<div id="content">
 <div class="content-container"><fieldset>
  <h2>404 - File or directory not found.</h2>
  <h3>The resource you are looking for might have been removed, had its name changed, or is temporarily unavailable.</h3>
 </fieldset></div>
</div>
</body>
</html>


Headers:
X-Content-Type-Options: REDACTED
Strict-Transport-Security: REDACTED
Date: Mon, 31 Mar 2025 11:58:25 GMT
Content-Type: text/html
Content-Length: 1245
 Azure.RequestFailedException: Service request failed.
Status: 404 (Not Found)

Content:
<!DOCTYPE html PUBLIC "-//W3C//DTD XHTML 1.0 Strict//EN" "http://www.w3.org/TR/xhtml1/DTD/xhtml1-strict.dtd">
<html xmlns="http://www.w3.org/1999/xhtml">
<head>
<meta http-equiv="Content-Type" content="text/html; charset=iso-8859-1"/>
<title>404 - File or directory not found.</title>
<style type="text/css">
<!--
body{margin:0;font-size:.7em;font-family:Verdana, Arial, Helvetica, sans-serif;background:#EEEEEE;}
fieldset{padding:0 15px 10px 15px;} 
h1{font-size:2.4em;margin:0;color:#FFF;}
h2{font-size:1.7em;margin:0;color:#CC0000;} 
h3{font-size:1.2em;margin:10px 0 0 0;color:#000000;} 
#header{width:96%;margin:0 0 0 0;padding:6px 2% 6px 2%;font-family:"trebuchet MS", Verdana, sans-serif;color:#FFF;
background-color:#555555;}
#content{margin:0 0 0 2%;position:relative;}
.content-container{background:#FFF;width:96%;margin-top:8px;padding:10px;position:relative;}
-->
</style>
</head>
<body>
<div id="header"><h1>Server Error</h1></div>
<div id="content">
 <div class="content-container"><fieldset>
  <h2>404 - File or directory not found.</h2>
  <h3>The resource you are looking for might have been removed, had its name changed, or is temporarily unavailable.</h3>
 </fieldset></div>
</div>
</body>
</html>


Headers:
X-Content-Type-Options: REDACTED
Strict-Transport-Security: REDACTED
Date: Mon, 31 Mar 2025 11:58:25 GMT
Content-Type: text/html
Content-Length: 1245

   at Azure.Security.KeyVault.KeyVaultPipeline.SendRequestAsync(Request request, CancellationToken cancellationToken)
   at Azure.Security.KeyVault.KeyVaultPipeline.SendRequestAsync[TResult](RequestMethod method, Func`1 resultFactory, CancellationToken cancellationToken, String[] path)
   at Azure.Security.KeyVault.Secrets.SecretClient.GetSecretAsync(String name, String version, CancellationToken cancellationToken)
   at FileTransform.Services.KeyVaultService.GetSecretAsync(String secretName) in D:\Emergere\ConnorsLLC\ConnorsLLC_Project\FileTransform\Services\KeyVaultService.cs:line 94
   at FileTransform.Services.KeyVaultService.GetSFTPPasswordAsync(JObject clientSettings) in D:\Emergere\ConnorsLLC\ConnorsLLC_Project\FileTransform\Services\KeyVaultService.cs:line 65
2025-03-31 17:28:42.5798 [ERROR] An error occurred while downloading the file: Permission denied (password). System.Exception: An error occurred while downloading the file: Permission denied (password).
2025-03-31 17:28:42.5798 [ERROR] No valid file was downloaded for processing. System.Exception: No valid file was downloaded for processing.
2025-03-31 17:28:42.5798 [INFO] Processing completed for processor type: accrualbalanceexport 
2025-03-31 17:28:42.5798 [INFO] Application Completed Successfully 
2025-03-31 20:15:26.9188 [DEBUG] Application Starting 
2025-03-31 20:15:27.1289 [INFO] Starting processing for processor type: payroll with fileNameStartsWith: Payfile_K3W 
2025-03-31 20:15:31.8129 [INFO] Vault URL.............................. https://edp-dev-keyvault.vault.azure.net 
2025-03-31 20:15:32.2057 [INFO] tenantId................................. 7b5043c5-ff30-434b-b66e-f8cf457db68a 
2025-03-31 20:15:32.4276 [INFO] clientId.................................. ce531e70-9d35-4470-a50d-77bb184177cf 
2025-03-31 20:15:32.6312 [INFO] clientSecret................................. Testing 
2025-03-31 20:15:37.6063 [INFO] SFTP Connection Details...........sftp2.uat.legion.work...22...fivebelow-uat...mMFK4vCzorxycQpzppJiqn 
2025-03-31 20:15:47.4363 [INFO] Attempting to download file from: /home/fivebelow-uat/outbox/payroll/Payfile_K3W_2025-01-26-2025-02-08.csv 
2025-03-31 20:16:35.2770 [DEBUG] Application Starting 
2025-03-31 20:16:35.4378 [INFO] Starting processing for processor type: payroll with fileNameStartsWith: Payfile_K3W 
2025-03-31 20:16:37.8222 [INFO] Vault URL.............................. https://edp-dev-keyvault.vault.azure.net 
2025-03-31 20:16:37.8222 [INFO] tenantId................................. 7b5043c5-ff30-434b-b66e-f8cf457db68a 
2025-03-31 20:16:37.8222 [INFO] clientId.................................. ce531e70-9d35-4470-a50d-77bb184177cf 
2025-03-31 20:16:37.8222 [INFO] clientSecret................................. Testing 
2025-03-31 20:16:42.3161 [INFO] SFTP Connection Details...........sftp2.uat.legion.work...22...fivebelow-uat...mMFK4vCzorxycQpzppJiqn 
2025-03-31 20:16:49.7218 [INFO] Attempting to download file from: /home/fivebelow-uat/outbox/payroll/Payfile_K3W_2025-01-26-2025-02-08.csv 
2025-03-31 20:16:53.1906 [INFO] Latest file downloaded: C:\Users\varadharaj\AppData\Local\Temp\Payfile_K3W_2025-01-26-2025-02-08.csv 
2025-03-31 20:16:53.1906 [INFO] No decryption needed for C:\Users\varadharaj\AppData\Local\Temp\Payfile_K3W_2025-01-26-2025-02-08.csv 
2025-03-31 20:17:05.2424 [INFO] Password retrieved successfully inside constructor. 
2025-03-31 20:17:05.8232 [INFO] SFTP client initialized with host: sftp2.uat.legion.work, port: 22 
2025-03-31 20:17:41.5348 [INFO] Downloaded file: EmployeeEntity-2025-75-2025-109.csv.gz to D:\Emergere\ConnorsLLC\ConnorsLLC_Project\FileTransform\bin\Debug\net6.0\Payroll/Mapping\EmployeeEntity-2025-75-2025-109.csv.gz 
2025-03-31 20:17:41.5731 [INFO] File has been decompressed to: D:\Emergere\ConnorsLLC\ConnorsLLC_Project\FileTransform\bin\Debug\net6.0\Payroll/Mapping\EmployeeEntity-2025-75-2025-109.csv 
2025-03-31 20:17:41.5731 [INFO] Deleted the .gz file: D:\Emergere\ConnorsLLC\ConnorsLLC_Project\FileTransform\bin\Debug\net6.0\Payroll/Mapping\EmployeeEntity-2025-75-2025-109.csv.gz 
2025-03-31 20:17:48.2949 [INFO] Start processing Payroll CSV: C:\Users\varadharaj\AppData\Local\Temp\Payfile_K3W_2025-01-26-2025-02-08.csv at 3/31/2025 8:17:48 PM 
2025-03-31 20:17:48.6315 [ERROR] HR data not found for employee: 636619 System.Exception: HR data not found for employee: 636619
2025-03-31 20:17:48.6315 [ERROR] HR data not found for employee: 636619 System.Exception: HR data not found for employee: 636619
2025-03-31 20:17:48.6315 [ERROR] HR data not found for employee: 702052 System.Exception: HR data not found for employee: 702052
2025-03-31 20:17:48.6315 [ERROR] HR data not found for employee: 702052 System.Exception: HR data not found for employee: 702052
2025-03-31 20:17:48.6315 [ERROR] HR data not found for employee: 741703 System.Exception: HR data not found for employee: 741703
2025-03-31 20:17:48.6315 [ERROR] HR data not found for employee: 741703 System.Exception: HR data not found for employee: 741703
2025-03-31 20:17:48.6315 [ERROR] HR data not found for employee: 772145 System.Exception: HR data not found for employee: 772145
2025-03-31 20:17:48.6315 [ERROR] HR data not found for employee: 772145 System.Exception: HR data not found for employee: 772145
2025-03-31 20:17:48.6529 [ERROR] No Paycode found for PayType: Balance Payout for Employee ID 636619 System.Exception: No Paycode found for PayType: Balance Payout for Employee ID 636619
2025-03-31 20:17:48.6529 [ERROR] No Paycode found for PayType: Balance Payout for Employee ID 636619 System.Exception: No Paycode found for PayType: Balance Payout for Employee ID 636619
2025-03-31 20:17:48.6529 [ERROR] No Paycode found for PayType: Balance Payout for Employee ID 702052 System.Exception: No Paycode found for PayType: Balance Payout for Employee ID 702052
2025-03-31 20:17:48.6529 [ERROR] No Paycode found for PayType: Balance Payout for Employee ID 702052 System.Exception: No Paycode found for PayType: Balance Payout for Employee ID 702052
2025-03-31 20:17:48.6754 [ERROR] No Paycode found for PayType: Balance Payout for Employee ID 741703 System.Exception: No Paycode found for PayType: Balance Payout for Employee ID 741703
2025-03-31 20:17:48.6754 [ERROR] No Paycode found for PayType: Balance Payout for Employee ID 741703 System.Exception: No Paycode found for PayType: Balance Payout for Employee ID 741703
2025-03-31 20:17:48.6945 [ERROR] No Paycode found for PayType: Balance Payout for Employee ID 772145 System.Exception: No Paycode found for PayType: Balance Payout for Employee ID 772145
2025-03-31 20:17:48.6945 [ERROR] No Paycode found for PayType: Balance Payout for Employee ID 772145 System.Exception: No Paycode found for PayType: Balance Payout for Employee ID 772145
2025-03-31 20:17:48.7157 [ERROR] No Paycode found for PayType: Time Off for Employee ID 840132 System.Exception: No Paycode found for PayType: Time Off for Employee ID 840132
2025-03-31 20:17:48.8553 [INFO] Finished processing Payroll CSV: C:\Users\varadharaj\AppData\Local\Temp\Payfile_K3W_2025-01-26-2025-02-08.csv at 3/31/2025 8:17:48 PM 
2025-03-31 20:17:48.8553 [INFO] Time taken to process file: 0.5609343 seconds. 
2025-03-31 20:17:48.8553 [INFO] C:\Users\varadharaj\AppData\Local\Temp\Payfile_K3W_2025-01-26-2025-02-08.csv 
2025-03-31 20:17:48.8553 [INFO] File successfully processed and moved to: D:\Emergere\ConnorsLLC\ConnorsLLC_Project\FileTransform\bin\Debug\net6.0\Payroll/ProcessedFiles\Payfile_K3W_2025-01-26-2025-02-08_20250331_201748.csv 
2025-03-31 20:17:48.8553 [INFO] Processing completed for processor type: payroll 
2025-03-31 20:17:48.8553 [INFO] Starting processing for processor type: accrualbalanceexport with fileNameStartsWith: AccrualBalanceExport 
2025-03-31 20:17:51.6199 [INFO] Vault URL.............................. https://edp-dev-keyvault.vault.azure.net 
2025-03-31 20:17:51.6199 [INFO] tenantId................................. 7b5043c5-ff30-434b-b66e-f8cf457db68a 
2025-03-31 20:17:51.6199 [INFO] clientId.................................. ce531e70-9d35-4470-a50d-77bb184177cf 
2025-03-31 20:17:51.6199 [INFO] clientSecret................................. Testing 
2025-03-31 20:17:53.4872 [INFO] SFTP Connection Details...........sftp2.uat.legion.work...22...fivebelow-uat...mMFK4vCzorxycQpzppJiqn 
2025-03-31 20:18:00.4637 [INFO] Attempting to download file from: /home/fivebelow-uat/outbox/accrual/AccrualBalanceExport_20241115_20241119_205117.csv 
2025-03-31 20:18:04.8323 [INFO] Latest file downloaded: C:\Users\varadharaj\AppData\Local\Temp\AccrualBalanceExport_20241115_20241119_205117.csv 
2025-03-31 20:18:04.8323 [INFO] No decryption needed for C:\Users\varadharaj\AppData\Local\Temp\AccrualBalanceExport_20241115_20241119_205117.csv 
2025-03-31 20:18:09.2370 [INFO] Password retrieved successfully inside constructor. 
2025-03-31 20:18:09.2370 [INFO] SFTP client initialized with host: sftp2.uat.legion.work, port: 22 
2025-03-31 20:18:20.1682 [INFO] Downloaded file: EmployeeEntity-2025-75-2025-109.csv.gz to D:\Emergere\ConnorsLLC\ConnorsLLC_Project\FileTransform\bin\Debug\net6.0\AccrualBalanceExport/Mapping\EmployeeEntity-2025-75-2025-109.csv.gz 
2025-03-31 20:18:20.1945 [INFO] File has been decompressed to: D:\Emergere\ConnorsLLC\ConnorsLLC_Project\FileTransform\bin\Debug\net6.0\AccrualBalanceExport/Mapping\EmployeeEntity-2025-75-2025-109.csv 
2025-03-31 20:18:20.1945 [INFO] Deleted the .gz file: D:\Emergere\ConnorsLLC\ConnorsLLC_Project\FileTransform\bin\Debug\net6.0\AccrualBalanceExport/Mapping\EmployeeEntity-2025-75-2025-109.csv.gz 
2025-03-31 20:18:21.0646 [INFO] Start processing Payroll CSV: C:\Users\varadharaj\AppData\Local\Temp\AccrualBalanceExport_20241115_20241119_205117.csv at 3/31/2025 8:18:21 PM 
2025-03-31 20:18:21.8505 [INFO] Finished processing Payroll CSV: C:\Users\varadharaj\AppData\Local\Temp\AccrualBalanceExport_20241115_20241119_205117.csv at 3/31/2025 8:18:21 PM 
2025-03-31 20:18:21.8505 [INFO] Time taken to process file: 0.7859277 seconds. 
2025-03-31 20:18:21.8505 [INFO] C:\Users\varadharaj\AppData\Local\Temp\AccrualBalanceExport_20241115_20241119_205117.csv 
2025-03-31 20:18:21.8505 [INFO] File successfully processed and moved to: D:\Emergere\ConnorsLLC\ConnorsLLC_Project\FileTransform\bin\Debug\net6.0\AccrualBalanceExport/ProcessedFiles\AccrualBalanceExport_20241115_20241119_205117_20250331_201821.csv 
2025-03-31 20:18:21.8505 [INFO] Processing completed for processor type: accrualbalanceexport 
2025-03-31 20:18:21.8505 [INFO] Application Completed Successfully 
